[debug] [2020-08-27T19:21:15.185Z] ----------------------------------------------------------------------
[debug] [2020-08-27T19:21:15.189Z] Command:       C:\Program Files\nodejs\node.exe C:\Users\Qotayba Mohammad\AppData\Roaming\npm\node_modules\firebase-tools\lib\bin\firebase.js init id-tb
[debug] [2020-08-27T19:21:15.189Z] CLI Version:   7.2.4
[debug] [2020-08-27T19:21:15.189Z] Platform:      win32
[debug] [2020-08-27T19:21:15.189Z] Node Version:  v12.13.0
[debug] [2020-08-27T19:21:15.190Z] Time:          Thu Aug 27 2020 22:21:15 GMT+0300 (GMT+03:00)
[debug] [2020-08-27T19:21:15.191Z] ----------------------------------------------------------------------
[debug] 
[debug] [2020-08-27T19:21:15.199Z] > command requires scopes: ["email","openid","https://www.googleapis.com/auth/cloudplatformprojects.readonly","https://www.googleapis.com/auth/firebase","https://www.googleapis.com/auth/cloud-platform"]
[debug] [2020-08-27T19:21:15.200Z] > authorizing via signed-in user
[info] 
     ######## #### ########  ######## ########     ###     ######  ########
     ##        ##  ##     ## ##       ##     ##  ##   ##  ##       ##
     ######    ##  ########  ######   ########  #########  ######  ######
     ##        ##  ##    ##  ##       ##     ## ##     ##       ## ##
     ##       #### ##     ## ######## ########  ##     ##  ######  ########

You're about to initialize a Firebase project in this directory:

  Q:\MERN\idTab_bata_3\web

[info] 
=== Project Setup
[info] 
[info] First, let's associate this project directory with a Firebase project.
[info] You can create multiple project aliases by running firebase use --add, 
[info] but for now we'll just set up a default project.
[info] 
[debug] [2020-08-27T19:25:13.340Z] > refreshing access token with scopes: ["email","https://www.googleapis.com/auth/cloud-platform","https://www.googleapis.com/auth/cloudplatformprojects.readonly","https://www.googleapis.com/auth/firebase","openid"]
[debug] [2020-08-27T19:25:13.340Z] >>> HTTP REQUEST POST https://www.googleapis.com/oauth2/v3/token  
 <request body omitted>
[debug] [2020-08-27T19:25:13.794Z] <<< HTTP RESPONSE 400
[debug] [2020-08-27T19:25:13.797Z] >>> HTTP REQUEST GET https://firebase.googleapis.com/v1beta1/projects?pageSize=100  
 
[debug] [2020-08-27T19:25:14.062Z] <<< HTTP RESPONSE 401
[debug] [2020-08-27T19:25:14.063Z] <<< HTTP RESPONSE BODY
[debug] [2020-08-27T19:25:14.067Z] HTTP Error: 401, Request had invalid authentication credentials. Expected OAuth 2 access token, login cookie or other valid authentication credential. See https://developers.google.com/identity/sign-in/web/devconsole-project.
[debug] [2020-08-27T19:25:14.680Z] FirebaseError: HTTP Error: 401, Request had invalid authentication credentials. Expected OAuth 2 access token, login cookie or other valid authentication credential. See https://developers.google.com/identity/sign-in/web/devconsole-project.
    at module.exports (C:\Users\Qotayba Mohammad\AppData\Roaming\npm\node_modules\firebase-tools\lib\responseToError.js:38:12)
    at Request._callback (C:\Users\Qotayba Mohammad\AppData\Roaming\npm\node_modules\firebase-tools\lib\api.js:39:35)
    at Request.self.callback (C:\Users\Qotayba Mohammad\AppData\Roaming\npm\node_modules\firebase-tools\node_modules\request\request.js:185:22)
    at Request.emit (events.js:210:5)
    at Request.EventEmitter.emit (domain.js:476:20)
    at Request.<anonymous> (C:\Users\Qotayba Mohammad\AppData\Roaming\npm\node_modules\firebase-tools\node_modules\request\request.js:1161:10)
    at Request.emit (events.js:210:5)
    at Request.EventEmitter.emit (domain.js:476:20)
    at IncomingMessage.<anonymous> (C:\Users\Qotayba Mohammad\AppData\Roaming\npm\node_modules\firebase-tools\node_modules\request\request.js:1083:12)
    at Object.onceWrapper (events.js:299:28)
[error] 
[error] Error: Failed to list Firebase projects. See firebase-debug.log for more info.
